
> scenario-forge@0.1.0 tauri
> tauri build

        Info Looking up installed tauri packages to check mismatched versions...
     Running beforeBuildCommand `npm run build`

> scenario-forge@0.1.0 build
> vite build

[36mvite v6.4.3 [32mbuilding for production...[36m[39m
transforming...
[32m✓[39m 75 modules transformed.
rendering chunks...
computing gzip size...
[2mdist/[22m[32mindex.html                 [39m[1m[2m  0.41 kB[22m[1m[22m[2m │ gzip:  0.28 kB[22m
[2mdist/[22m[35massets/index-RFqxdptu.css  [39m[1m[2m  6.12 kB[22m[1m[22m[2m │ gzip:  1.82 kB[22m
[2mdist/[22m[36massets/index-Bdgh3H_y.js   [39m[1m[2m  1.25 kB[22m[1m[22m[2m │ gzip:  0.48 kB[22m
[2mdist/[22m[36massets/core-BDPGcIsz.js    [39m[1m[2m  1.60 kB[22m[1m[22m[2m │ gzip:  0.70 kB[22m
[2mdist/[22m[36massets/index-BlgHdMnA.js   [39m[1m[2m  7.42 kB[22m[1m[22m[2m │ gzip:  1.97 kB[22m
[2mdist/[22m[36massets/index-DkbrBWkN.js   [39m[1m[2m191.42 kB[22m[1m[22m[2m │ gzip: 63.01 kB[22m
[32m✓ built in 716ms[39m
   Compiling proc-macro2 v1.0.106
   Compiling unicode-ident v1.0.24
   Compiling quote v1.0.45
   Compiling serde_core v1.0.228
   Compiling siphasher v1.0.3
   Compiling cfg-if v1.0.4
   Compiling icu_normalizer_data v2.2.0
   Compiling fastrand v2.4.1
   Compiling icu_properties_data v2.2.0
   Compiling stable_deref_trait v1.2.1
   Compiling zmij v1.0.21
   Compiling smallvec v1.15.1
   Compiling phf_shared v0.13.1
   Compiling thiserror v2.0.18
   Compiling windows-link v0.2.1
   Compiling parking_lot_core v0.9.12
   Compiling serde v1.0.228
   Compiling itoa v1.0.18
   Compiling phf_generator v0.13.1
   Compiling typeid v1.0.3
   Compiling memchr v2.8.1
   Compiling num-conv v0.2.2
   Compiling time-core v0.1.8
   Compiling phf_codegen v0.13.1
   Compiling thiserror v1.0.69
   Compiling writeable v0.6.3
   Compiling litemap v0.8.2
   Compiling erased-serde v0.4.10
   Compiling strsim v0.11.1
   Compiling ident_case v1.0.1
   Compiling utf8_iter v1.0.4
   Compiling anyhow v1.0.102
   Compiling scopeguard v1.2.0
   Compiling new_debug_unreachable v1.0.6
   Compiling lock_api v0.4.14
   Compiling serde_json v1.0.150
   Compiling winnow v1.0.3
   Compiling windows_x86_64_msvc v0.52.6
   Compiling getrandom v0.4.2
   Compiling precomputed-hash v0.1.1
   Compiling parking_lot v0.12.5
   Compiling windows-sys v0.61.2
   Compiling toml_writer v1.1.1+spec-1.1.0
   Compiling syn v2.0.117
   Compiling string_cache_codegen v0.6.1
   Compiling toml_parser v1.1.2+spec-1.1.0
   Compiling ctor-proc-macro v0.0.7
   Compiling string_cache v0.9.0
   Compiling utf-8 v0.7.6
   Compiling autocfg v1.5.1
   Compiling log v0.4.32
   Compiling libc v0.2.186
   Compiling web_atoms v0.2.4
   Compiling dtoa v1.0.11
   Compiling percent-encoding v2.3.2
   Compiling tendril v0.5.0
   Compiling dtoa-short v0.3.5
   Compiling form_urlencoded v1.2.2
   Compiling aho-corasick v1.1.4
   Compiling indexmap v1.9.3
   Compiling selectors v0.36.1
   Compiling unic-char-range v0.9.0
   Compiling alloc-no-stdlib v2.0.4
   Compiling unic-common v0.9.0
   Compiling powerfmt v0.2.0
   Compiling byteorder v1.5.0
   Compiling serde_spanned v1.1.1
   Compiling semver v1.0.28
   Compiling toml_datetime v1.1.1+spec-1.1.0
   Compiling uuid v1.23.2
   Compiling regex-syntax v0.8.10
   Compiling camino v1.2.2
   Compiling deranged v0.5.8
   Compiling toml v1.1.2+spec-1.1.0
   Compiling winapi-util v0.1.11
   Compiling unic-ucd-version v0.9.0
   Compiling unic-char-property v0.9.0
   Compiling alloc-stdlib v0.2.2
   Compiling servo_arc v0.4.3
   Compiling rustc-hash v2.1.2
   Compiling schemars v0.8.22
   Compiling hashbrown v0.12.3
   Compiling bit-vec v0.8.0
   Compiling fnv v1.0.7
   Compiling bitflags v2.12.1
   Compiling version_check v0.9.5
   Compiling equivalent v1.0.2
   Compiling hashbrown v0.17.1
   Compiling bit-set v0.8.0
   Compiling time v0.3.47
   Compiling cfb v0.7.3
   Compiling unic-ucd-ident v0.9.0
   Compiling brotli-decompressor v5.0.1
   Compiling same-file v1.0.6
   Compiling quick-xml v0.39.4
   Compiling find-msvc-tools v0.1.9
   Compiling shlex v2.0.1
   Compiling indexmap v2.14.0
   Compiling base64 v0.22.1
   Compiling bytes v1.11.1
   Compiling windows-link v0.1.3
   Compiling regex-automata v0.4.14
   Compiling dyn-clone v1.0.20
   Compiling dunce v1.0.5
   Compiling synstructure v0.13.2
   Compiling darling_core v0.23.0
   Compiling serde_derive_internals v0.29.1
   Compiling foldhash v0.2.0
   Compiling cc v1.2.63
   Compiling http v1.4.1
   Compiling brotli v8.0.3
   Compiling infer v0.19.0
   Compiling serde-untagged v0.1.9
   Compiling walkdir v2.5.0
   Compiling ctor v0.8.0
   Compiling glob v0.3.3
   Compiling windows-targets v0.52.6
   Compiling windows-result v0.3.4
   Compiling windows-strings v0.4.2
   Compiling windows-sys v0.59.0
   Compiling zerofrom-derive v0.1.7
   Compiling yoke-derive v0.8.2
   Compiling zerovec-derive v0.11.3
   Compiling displaydoc v0.2.6
   Compiling serde_derive v1.0.228
   Compiling thiserror-impl v2.0.18
   Compiling phf_macros v0.13.1
   Compiling thiserror-impl v1.0.69
   Compiling derive_more-impl v2.1.1
   Compiling phf v0.13.1
   Compiling cssparser-macros v0.6.1
   Compiling zerofrom v0.1.8
   Compiling yoke v0.8.3
   Compiling cssparser v0.36.0
   Compiling darling_macro v0.23.0
   Compiling regex v1.12.3
   Compiling zerovec v0.11.6
   Compiling zerotrie v0.2.4
   Compiling derive_more v2.1.1
   Compiling markup5ever v0.38.0
   Compiling darling v0.23.0
   Compiling schemars_derive v0.8.22
   Compiling serde_with_macros v3.21.0
   Compiling html5ever v0.38.0
   Compiling vswhom-sys v0.1.3
   Compiling windows-implement v0.60.2
   Compiling windows-interface v0.59.3
   Compiling tinystr v0.8.3
   Compiling potential_utf v0.1.5
   Compiling icu_collections v2.2.0
   Compiling icu_locale_core v2.2.0
   Compiling dom_query v0.27.0
   Compiling windows-core v0.61.2
   Compiling serde_with v3.21.0
   Compiling winreg v0.55.0
   Compiling rustc_version v0.4.1
   Compiling toml_datetime v0.7.5+spec-1.1.0
   Compiling vswhom v0.1.0
   Compiling winnow v0.7.15
   Compiling cargo-platform v0.1.9
   Compiling jsonptr v0.6.3
   Compiling cargo_metadata v0.19.2
   Compiling plist v1.9.0
   Compiling option-ext v0.2.0
   Compiling dirs-sys v0.5.0
   Compiling embed-resource v3.0.9
   Compiling json-patch v3.0.1
   Compiling icu_provider v2.2.0
   Compiling windows-threading v0.1.0
   Compiling generic-array v0.14.7
   Compiling heck v0.5.0
   Compiling icu_normalizer v2.2.0
   Compiling icu_properties v2.2.0
   Compiling windows-future v0.2.1
   Compiling tauri-winres v0.3.6
   Compiling toml v0.9.12+spec-1.1.0
   Compiling dirs v6.0.0
   Compiling windows-collections v0.2.0
   Compiling windows-numerics v0.2.0
   Compiling time-macros v0.2.27
   Compiling simd-adler32 v0.3.9
   Compiling crc32fast v1.5.0
   Compiling raw-window-handle v0.6.2
   Compiling typenum v1.20.1
   Compiling idna_adapter v1.2.2
   Compiling idna v1.1.0
   Compiling windows v0.61.3
   Compiling webview2-com-sys v0.38.2
   Compiling crossbeam-utils v0.8.21
   Compiling url v2.5.8
   Compiling cargo_toml v0.22.3
   Compiling adler2 v2.0.1
   Compiling urlpattern v0.3.0
   Compiling miniz_oxide v0.8.9
   Compiling dpi v0.1.2
   Compiling cookie v0.18.1
   Compiling tauri-utils v2.9.2
   Compiling flate2 v1.1.9
   Compiling block-buffer v0.10.4
   Compiling crypto-common v0.1.7
   Compiling fdeflate v0.3.7
   Compiling webview2-com-macros v0.8.1
   Compiling windows-version v0.1.7
   Compiling bitflags v1.3.2
   Compiling unicode-segmentation v1.13.3
   Compiling once_cell v1.21.4
   Compiling pin-project-lite v0.2.17
   Compiling png v0.17.16
   Compiling digest v0.10.7
   Compiling crossbeam-channel v0.5.15
